<?xml version="1.0" encoding="UTF-8"?>
<testng-results skipped="0" failed="0" total="1" passed="1">
  <reporter-output>
  </reporter-output>
  <suite name="Default suite" duration-ms="19159" started-at="2015-05-12T10:30:20Z" finished-at="2015-05-12T10:30:40Z">
    <groups>
    </groups>
    <test name="Default test" duration-ms="19159" started-at="2015-05-12T10:30:20Z" finished-at="2015-05-12T10:30:40Z">
      <class name="Arijit.Assert">
        <test-method status="PASS" signature="setup()[pri:0, instance:Arijit.Assert@4672b784]" name="setup" is-config="true" duration-ms="4982" started-at="2015-05-12T16:00:20Z" finished-at="2015-05-12T16:00:25Z">
          <reporter-output>
          </reporter-output>
        </test-method> <!-- setup -->
        <test-method status="PASS" signature="verify()[pri:0, instance:Arijit.Assert@4672b784]" name="verify" duration-ms="11220" started-at="2015-05-12T16:00:25Z" finished-at="2015-05-12T16:00:37Z">
          <reporter-output>
          </reporter-output>
        </test-method> <!-- verify -->
        <test-method status="PASS" signature="close()[pri:0, instance:Arijit.Assert@4672b784]" name="close" is-config="true" duration-ms="2946" started-at="2015-05-12T16:00:37Z" finished-at="2015-05-12T16:00:40Z">
          <reporter-output>
          </reporter-output>
        </test-method> <!-- close -->
      </class> <!-- Arijit.Assert -->
    </test> <!-- Default test -->
  </suite> <!-- Default suite -->
</testng-results>
